{"/Users/cris/Desktop/game_project/server/src/cache/RedisKeys.ts": {"path":"/Users/cris/Desktop/game_project/server/src/cache/RedisKeys.ts","statementMap":{"0":{"start":{"line":1,"column":13},"end":{"line":7,"column":11}},"1":{"start":{"line":2,"column":33},"end":{"line":2,"column":45}},"2":{"start":{"line":3,"column":33},"end":{"line":3,"column":49}},"3":{"start":{"line":4,"column":33},"end":{"line":4,"column":51}},"4":{"start":{"line":5,"column":33},"end":{"line":5,"column":54}},"5":{"start":{"line":6,"column":33},"end":{"line":6,"column":47}}},"fnMap":{"0":{"name":"(anonymous_0)","decl":{"start":{"line":2,"column":15},"end":{"line":2,"column":16}},"loc":{"start":{"line":2,"column":33},"end":{"line":2,"column":45}}},"1":{"name":"(anonymous_1)","decl":{"start":{"line":3,"column":15},"end":{"line":3,"column":16}},"loc":{"start":{"line":3,"column":33},"end":{"line":3,"column":49}}},"2":{"name":"(anonymous_2)","decl":{"start":{"line":4,"column":15},"end":{"line":4,"column":30}},"loc":{"start":{"line":4,"column":33},"end":{"line":4,"column":51}}},"3":{"name":"(anonymous_3)","decl":{"start":{"line":5,"column":15},"end":{"line":5,"column":16}},"loc":{"start":{"line":5,"column":33},"end":{"line":5,"column":54}}},"4":{"name":"(anonymous_4)","decl":{"start":{"line":6,"column":15},"end":{"line":6,"column":30}},"loc":{"start":{"line":6,"column":33},"end":{"line":6,"column":47}}}},"branchMap":{},"s":{"0":1,"1":2,"2":1,"3":1,"4":2,"5":1},"f":{"0":2,"1":1,"2":1,"3":2,"4":1},"b":{}}
}
